Reading netlist file: "C:\Users\hanst\Documents\FPGA\git\FPGA\led_io_control\impl\gwsynthesis\led_io_control.vg"
Parsing netlist file "C:\Users\hanst\Documents\FPGA\git\FPGA\led_io_control\impl\gwsynthesis\led_io_control.vg" completed
Processing netlist completed
Reading constraint file: "C:\Users\hanst\Documents\FPGA\git\FPGA\led_io_control\src\led_io_control.cst"
Physical Constraint parsed completed
Running placement......
[10%] Placement Phase 0 completed
[20%] Placement Phase 1 completed
[30%] Placement Phase 2 completed
[50%] Placement Phase 3 completed
Running routing......
[60%] Routing Phase 0 completed
[70%] Routing Phase 1 completed
[80%] Routing Phase 2 completed
[90%] Routing Phase 3 completed
Running timing analysis......
[95%] Timing analysis completed
Placement and routing completed
Bitstream generation in progress......
Bitstream generation completed
Running power analysis......
[100%] Power analysis completed
Generate file "C:\Users\hanst\Documents\FPGA\git\FPGA\led_io_control\impl\pnr\led_io_control.power.html" completed
Generate file "C:\Users\hanst\Documents\FPGA\git\FPGA\led_io_control\impl\pnr\led_io_control.pin.html" completed
Generate file "C:\Users\hanst\Documents\FPGA\git\FPGA\led_io_control\impl\pnr\led_io_control.rpt.html" completed
Generate file "C:\Users\hanst\Documents\FPGA\git\FPGA\led_io_control\impl\pnr\led_io_control.rpt.txt" completed
Generate file "C:\Users\hanst\Documents\FPGA\git\FPGA\led_io_control\impl\pnr\led_io_control.tr.html" completed
Thu Jul 21 16:04:52 2022

